
Mar 28, 2024 23:55:41.55 NEW SESSION
Mar 28, 2024 23:55:41.55 INFO: Created TensorFlow Lite XNNPACK delegate for CPU.
Mar 29, 2024 24:04:34.75 [7892:21404:0329/000434.749:ERROR:connection_factory_impl.cc(483)] ConnectionHandler failed with net error: -2
Mar 29, 2024 11:25:26.27 [7892:21404:0329/112526.275:ERROR:connection_factory_impl.cc(434)] Failed to connect to MCS endpoint with error -7
Mar 29, 2024 11:25:28.74 [7892:17420:0329/112528.748:ERROR:get_updates_processor.cc(263)] PostClientToServerMessage() failed during GetUpdates with error Network error (ERR_INTERNET_DISCONNECTED)
Mar 29, 2024 11:25:29.26 [7892:21404:0329/112529.265:ERROR:connection_factory_impl.cc(434)] Failed to connect to MCS endpoint with error -106
Mar 29, 2024 12:44:47.09 [7892:21404:0329/124447.088:ERROR:connection_factory_impl.cc(483)] ConnectionHandler failed with net error: -2
Mar 29, 2024 13:07:53.91 [7892:21404:0329/130753.911:ERROR:connection_factory_impl.cc(483)] ConnectionHandler failed with net error: -2
Mar 29, 2024 13:29:47.78 [7892:21404:0329/132947.781:ERROR:connection_factory_impl.cc(434)] Failed to connect to MCS endpoint with error -109
Mar 29, 2024 13:29:52.01 [7892:21404:0329/132952.009:ERROR:connection_factory_impl.cc(434)] Failed to connect to MCS endpoint with error -105
Mar 29, 2024 13:30:18.09 [7892:21404:0329/133018.095:ERROR:connection_factory_impl.cc(483)] ConnectionHandler failed with net error: -2
Mar 29, 2024 13:58:13.00 [7892:21404:0329/135813.002:ERROR:connection_factory_impl.cc(483)] ConnectionHandler failed with net error: -2

Mar 29, 2024 15:01:05.11 NEW SESSION
Mar 29, 2024 15:01:05.11 INFO: Created TensorFlow Lite XNNPACK delegate for CPU.
Mar 29, 2024 15:01:39.92 [18152:9564:0329/150139.928:ERROR:connection_factory_impl.cc(434)] Failed to connect to MCS endpoint with error -7
Mar 29, 2024 15:02:08.87 [18152:22492:0329/150208.878:ERROR:get_updates_processor.cc(263)] PostClientToServerMessage() failed during GetUpdates with error Network error (ERR_CONNECTION_CLOSED)
Mar 29, 2024 15:02:47.12 [18152:9564:0329/150247.129:ERROR:connection_factory_impl.cc(434)] Failed to connect to MCS endpoint with error -7
Mar 30, 2024 20:19:00.10 [20748:9336:0330/201900.107:ERROR:connection_factory_impl.cc(434)] Failed to connect to MCS endpoint with error -106
Mar 30, 2024 20:19:00.75 INFO: Created TensorFlow Lite XNNPACK delegate for CPU.
Mar 30, 2024 20:39:55.84 INFO: Created TensorFlow Lite XNNPACK delegate for CPU.
Mar 30, 2024 20:55:56.87 INFO: Created TensorFlow Lite XNNPACK delegate for CPU.
Mar 30, 2024 20:59:06.05 INFO: Created TensorFlow Lite XNNPACK delegate for CPU.
Mar 30, 2024 20:59:23.52 [21596:22176:0330/205923.528:ERROR:connection_factory_impl.cc(483)] ConnectionHandler failed with net error: -2
Mar 30, 2024 21:03:40.51 INFO: Created TensorFlow Lite XNNPACK delegate for CPU.
Mar 30, 2024 21:04:02.73 INFO: Created TensorFlow Lite XNNPACK delegate for CPU.
Mar 30, 2024 21:20:29.89 INFO: Created TensorFlow Lite XNNPACK delegate for CPU.

Apr 01, 2024 14:59:22.33 NEW SESSION
Apr 01, 2024 14:59:22.33 INFO: Created TensorFlow Lite XNNPACK delegate for CPU.
Apr 01, 2024 14:59:33.06 [21288:3140:0401/145933.062:ERROR:connection_factory_impl.cc(434)] Failed to connect to MCS endpoint with error -105
Apr 01, 2024 15:00:07.54 [21288:3140:0401/150007.544:ERROR:connection_factory_impl.cc(434)] Failed to connect to MCS endpoint with error -105
Apr 01, 2024 17:27:13.56 INFO: Created TensorFlow Lite XNNPACK delegate for CPU.
Apr 01, 2024 21:52:49.38 INFO: Created TensorFlow Lite XNNPACK delegate for CPU.
Apr 02, 2024 08:05:23.92 INFO: Created TensorFlow Lite XNNPACK delegate for CPU.

Apr 02, 2024 13:02:29.48 NEW SESSION
Apr 02, 2024 13:02:29.48 INFO: Created TensorFlow Lite XNNPACK delegate for CPU.
Apr 02, 2024 13:12:07.18 [11640:11128:0402/131207.182:ERROR:cert_verify_proc_builtin.cc(878)] CertVerifyProcBuiltin for global.ib-ibi.com failed:
Apr 02, 2024 13:12:07.18 ----- Certificate i=0 (CN=*.ib-ibi.com,O=KBM Group LLC,L=Louisville,ST=Colorado,C=US) -----
Apr 02, 2024 13:12:07.18 ERROR: Time is after notAfter
Apr 02, 2024 13:12:07.18 
Apr 02, 2024 13:12:07.18 
Apr 02, 2024 13:22:28.12 [11640:24720:0402/132228.124:ERROR:connection_factory_impl.cc(483)] ConnectionHandler failed with net error: -2
Apr 02, 2024 13:22:29.35 [11640:24720:0402/132229.354:ERROR:connection_factory_impl.cc(483)] ConnectionHandler failed with net error: -2
Apr 02, 2024 13:23:32.58 [11640:24720:0402/132332.584:ERROR:connection_factory_impl.cc(483)] ConnectionHandler failed with net error: -2
Apr 02, 2024 13:24:02.04 [11640:13356:0402/132402.040:ERROR:device_event_log_impl.cc(195)] [13:24:02.039] USB: usb_service_win.cc:105 SetupDiGetDeviceProperty({{A45C254E-DF1C-4EFD-8020-67D146A850E0}, 6}) failed: Element not found. (0x490)
Apr 02, 2024 13:24:34.83 [11640:24720:0402/132434.832:ERROR:connection_factory_impl.cc(483)] ConnectionHandler failed with net error: -2
Apr 02, 2024 13:32:54.38 [11640:24720:0402/133254.387:ERROR:connection_factory_impl.cc(434)] Failed to connect to MCS endpoint with error -7
Apr 02, 2024 13:38:59.24 [11640:13356:0402/133859.247:ERROR:device_event_log_impl.cc(195)] [13:38:59.247] USB: usb_service_win.cc:105 SetupDiGetDeviceProperty({{A45C254E-DF1C-4EFD-8020-67D146A850E0}, 6}) failed: Element not found. (0x490)
Apr 02, 2024 14:02:10.97 [11640:13356:0402/140210.977:ERROR:device_event_log_impl.cc(195)] [14:02:10.976] USB: usb_service_win.cc:105 SetupDiGetDeviceProperty({{A45C254E-DF1C-4EFD-8020-67D146A850E0}, 6}) failed: Element not found. (0x490)
Apr 02, 2024 14:08:33.35 [11640:13356:0402/140833.359:ERROR:device_event_log_impl.cc(195)] [14:08:33.357] USB: usb_service_win.cc:105 SetupDiGetDeviceProperty({{A45C254E-DF1C-4EFD-8020-67D146A850E0}, 6}) failed: Element not found. (0x490)
Apr 02, 2024 14:08:33.36 [11640:13356:0402/140833.369:ERROR:device_event_log_impl.cc(195)] [14:08:33.368] USB: usb_service_win.cc:308 SetupDiEnumDeviceInterfaces: No more data is available. (0x103)
Apr 02, 2024 14:22:38.53 INFO: Created TensorFlow Lite XNNPACK delegate for CPU.
Apr 02, 2024 14:25:34.04 [25484:14200:0402/142534.046:ERROR:connection_factory_impl.cc(483)] ConnectionHandler failed with net error: -2
Apr 02, 2024 14:43:17.02 [25484:14200:0402/144317.026:ERROR:connection_factory_impl.cc(434)] Failed to connect to MCS endpoint with error -7
Apr 02, 2024 14:43:17.06 [25484:17216:0402/144317.067:ERROR:get_updates_processor.cc(263)] PostClientToServerMessage() failed during GetUpdates with error Network error (ERR_NAME_NOT_RESOLVED)
Apr 02, 2024 14:43:41.29 [25484:14200:0402/144341.290:ERROR:connection_factory_impl.cc(434)] Failed to connect to MCS endpoint with error -105
Apr 02, 2024 14:43:48.10 [25484:7648:0402/144348.103:ERROR:get_updates_processor.cc(263)] PostClientToServerMessage() failed during GetUpdates with error Network error (ERR_NAME_NOT_RESOLVED)
Apr 02, 2024 14:45:14.88 [25484:21824:0402/144514.879:ERROR:get_updates_processor.cc(263)] PostClientToServerMessage() failed during GetUpdates with error Network error (ERR_CONNECTION_CLOSED)
Apr 02, 2024 14:47:40.39 [25484:14200:0402/144740.398:ERROR:connection_factory_impl.cc(483)] ConnectionHandler failed with net error: -2
Apr 02, 2024 15:02:28.26 [25484:14200:0402/150228.269:ERROR:connection_factory_impl.cc(434)] Failed to connect to MCS endpoint with error -105
Apr 02, 2024 15:02:33.89 [25484:7648:0402/150233.898:ERROR:get_updates_processor.cc(263)] PostClientToServerMessage() failed during GetUpdates with error Network error (ERR_NAME_NOT_RESOLVED)
Apr 02, 2024 15:02:47.19 [25484:14200:0402/150247.193:ERROR:connection_factory_impl.cc(483)] ConnectionHandler failed with net error: -2
Apr 02, 2024 21:24:35.84 INFO: Created TensorFlow Lite XNNPACK delegate for CPU.

Apr 03, 2024 16:38:24.25 NEW SESSION
Apr 03, 2024 16:38:24.25 INFO: Created TensorFlow Lite XNNPACK delegate for CPU.
Apr 03, 2024 17:17:41.21 INFO: Created TensorFlow Lite XNNPACK delegate for CPU.
Apr 03, 2024 17:24:16.63 [3996:15712:0403/172416.633:ERROR:connection_factory_impl.cc(483)] ConnectionHandler failed with net error: -2
